This is pdfTeX, Version 3.14159265-2.6-1.40.15 (TeX Live 2014/MacPorts 2014_4) (preloaded format=pdflatex 2014.9.5)  6 JAN 2015 13:57
entering extended mode
 restricted \write18 enabled.
 file:line:error style messages enabled.
 %&-line parsing enabled.
**main.tex
(./main.tex
LaTeX2e <2014/05/01>
Babel <3.9k> and hyphenation patterns for 2 languages loaded.
(/opt/local/share/texmf-texlive/tex/latex/base/article.cls
Document Class: article 2007/10/19 v1.4h Standard LaTeX document class
(/opt/local/share/texmf-texlive/tex/latex/base/size10.clo
File: size10.clo 2007/10/19 v1.4h Standard LaTeX file (size option)
)
\c@part=\count79
\c@section=\count80
\c@subsection=\count81
\c@subsubsection=\count82
\c@paragraph=\count83
\c@subparagraph=\count84
\c@figure=\count85
\c@table=\count86
\abovecaptionskip=\skip41
\belowcaptionskip=\skip42
\bibindent=\dimen102
) (./spconf.sty)
(/opt/local/share/texmf-texlive/tex/latex/amsmath/amsmath.sty
Package: amsmath 2013/01/14 v2.14 AMS math features
\@mathmargin=\skip43

For additional information on amsmath, use the `?' option.
(/opt/local/share/texmf-texlive/tex/latex/amsmath/amstext.sty
Package: amstext 2000/06/29 v2.01

(/opt/local/share/texmf-texlive/tex/latex/amsmath/amsgen.sty
File: amsgen.sty 1999/11/30 v2.0
\@emptytoks=\toks14
\ex@=\dimen103
))
(/opt/local/share/texmf-texlive/tex/latex/amsmath/amsbsy.sty
Package: amsbsy 1999/11/29 v1.2d
\pmbraise@=\dimen104
)
(/opt/local/share/texmf-texlive/tex/latex/amsmath/amsopn.sty
Package: amsopn 1999/12/14 v2.01 operator names
)
\inf@bad=\count87
LaTeX Info: Redefining \frac on input line 210.
\uproot@=\count88
\leftroot@=\count89
LaTeX Info: Redefining \overline on input line 306.
\classnum@=\count90
\DOTSCASE@=\count91
LaTeX Info: Redefining \ldots on input line 378.
LaTeX Info: Redefining \dots on input line 381.
LaTeX Info: Redefining \cdots on input line 466.
\Mathstrutbox@=\box26
\strutbox@=\box27
\big@size=\dimen105
LaTeX Font Info:    Redeclaring font encoding OML on input line 566.
LaTeX Font Info:    Redeclaring font encoding OMS on input line 567.
\macc@depth=\count92
\c@MaxMatrixCols=\count93
\dotsspace@=\muskip10
\c@parentequation=\count94
\dspbrk@lvl=\count95
\tag@help=\toks15
\row@=\count96
\column@=\count97
\maxfields@=\count98
\andhelp@=\toks16
\eqnshift@=\dimen106
\alignsep@=\dimen107
\tagshift@=\dimen108
\tagwidth@=\dimen109
\totwidth@=\dimen110
\lineht@=\dimen111
\@envbody=\toks17
\multlinegap=\skip44
\multlinetaggap=\skip45
\mathdisplay@stack=\toks18
LaTeX Info: Redefining \[ on input line 2665.
LaTeX Info: Redefining \] on input line 2666.
)
(/opt/local/share/texmf-texlive/tex/latex/graphics/graphicx.sty
Package: graphicx 2014/04/25 v1.0g Enhanced LaTeX Graphics (DPC,SPQR)

(/opt/local/share/texmf-texlive/tex/latex/graphics/keyval.sty
Package: keyval 2014/05/08 v1.15 key=value parser (DPC)
\KV@toks@=\toks19
)
(/opt/local/share/texmf-texlive/tex/latex/graphics/graphics.sty
Package: graphics 2009/02/05 v1.0o Standard LaTeX Graphics (DPC,SPQR)

(/opt/local/share/texmf-texlive/tex/latex/graphics/trig.sty
Package: trig 1999/03/16 v1.09 sin cos tan (DPC)
)
(/opt/local/share/texmf-texlive/tex/latex/latexconfig/graphics.cfg
File: graphics.cfg 2010/04/23 v1.9 graphics configuration of TeX Live
)
Package graphics Info: Driver file: pdftex.def on input line 91.

(/opt/local/share/texmf-texlive/tex/latex/pdftex-def/pdftex.def
File: pdftex.def 2011/05/27 v0.06d Graphics/color for pdfTeX

(/opt/local/share/texmf-texlive/tex/generic/oberdiek/infwarerr.sty
Package: infwarerr 2010/04/08 v1.3 Providing info/warning/error messages (HO)
)
(/opt/local/share/texmf-texlive/tex/generic/oberdiek/ltxcmds.sty
Package: ltxcmds 2011/11/09 v1.22 LaTeX kernel commands for general use (HO)
)
\Gread@gobject=\count99
))
\Gin@req@height=\dimen112
\Gin@req@width=\dimen113
)
(/opt/local/share/texmf/tex/latex/pgf/frontendlayer/tikz.sty
(/opt/local/share/texmf/tex/latex/pgf/basiclayer/pgf.sty
(/opt/local/share/texmf/tex/latex/pgf/utilities/pgfrcs.sty
(/opt/local/share/texmf/tex/generic/pgf/utilities/pgfutil-common.tex
\pgfutil@everybye=\toks20
\pgfutil@tempdima=\dimen114
\pgfutil@tempdimb=\dimen115

(/opt/local/share/texmf/tex/generic/pgf/utilities/pgfutil-common-lists.tex))
(/opt/local/share/texmf/tex/generic/pgf/utilities/pgfutil-latex.def
\pgfutil@abb=\box28

(/opt/local/share/texmf-texlive/tex/latex/ms/everyshi.sty
Package: everyshi 2001/05/15 v3.00 EveryShipout Package (MS)
))
(/opt/local/share/texmf/tex/generic/pgf/utilities/pgfrcs.code.tex
Package: pgfrcs 2013/12/20 v3.0.0 (rcs-revision 1.28)
))
Package: pgf 2013/12/18 v3.0.0 (rcs-revision 1.14)

(/opt/local/share/texmf/tex/latex/pgf/basiclayer/pgfcore.sty
(/opt/local/share/texmf/tex/latex/pgf/systemlayer/pgfsys.sty
(/opt/local/share/texmf/tex/generic/pgf/systemlayer/pgfsys.code.tex
Package: pgfsys 2013/11/30 v3.0.0 (rcs-revision 1.47)

(/opt/local/share/texmf/tex/generic/pgf/utilities/pgfkeys.code.tex
\pgfkeys@pathtoks=\toks21
\pgfkeys@temptoks=\toks22

(/opt/local/share/texmf/tex/generic/pgf/utilities/pgfkeysfiltered.code.tex
\pgfkeys@tmptoks=\toks23
))
\pgf@x=\dimen116
\pgf@y=\dimen117
\pgf@xa=\dimen118
\pgf@ya=\dimen119
\pgf@xb=\dimen120
\pgf@yb=\dimen121
\pgf@xc=\dimen122
\pgf@yc=\dimen123
\w@pgf@writea=\write3
\r@pgf@reada=\read1
\c@pgf@counta=\count100
\c@pgf@countb=\count101
\c@pgf@countc=\count102
\c@pgf@countd=\count103
\t@pgf@toka=\toks24
\t@pgf@tokb=\toks25
\t@pgf@tokc=\toks26

(/opt/local/share/texmf/tex/generic/pgf/systemlayer/pgf.cfg
File: pgf.cfg 2008/05/14  (rcs-revision 1.7)
)
Driver file for pgf: pgfsys-pdftex.def

(/opt/local/share/texmf/tex/generic/pgf/systemlayer/pgfsys-pdftex.def
File: pgfsys-pdftex.def 2013/07/18  (rcs-revision 1.33)

(/opt/local/share/texmf/tex/generic/pgf/systemlayer/pgfsys-common-pdf.def
File: pgfsys-common-pdf.def 2013/10/10  (rcs-revision 1.13)
)))
(/opt/local/share/texmf/tex/generic/pgf/systemlayer/pgfsyssoftpath.code.tex
File: pgfsyssoftpath.code.tex 2013/09/09  (rcs-revision 1.9)
\pgfsyssoftpath@smallbuffer@items=\count104
\pgfsyssoftpath@bigbuffer@items=\count105
)
(/opt/local/share/texmf/tex/generic/pgf/systemlayer/pgfsysprotocol.code.tex
File: pgfsysprotocol.code.tex 2006/10/16  (rcs-revision 1.4)
))
(/opt/local/share/texmf-texlive/tex/latex/xcolor/xcolor.sty
Package: xcolor 2007/01/21 v2.11 LaTeX color extensions (UK)

(/opt/local/share/texmf-texlive/tex/latex/latexconfig/color.cfg
File: color.cfg 2007/01/18 v1.5 color configuration of teTeX/TeXLive
)
Package xcolor Info: Driver file: pdftex.def on input line 225.
Package xcolor Info: Model `cmy' substituted by `cmy0' on input line 1337.
Package xcolor Info: Model `hsb' substituted by `rgb' on input line 1341.
Package xcolor Info: Model `RGB' extended on input line 1353.
Package xcolor Info: Model `HTML' substituted by `rgb' on input line 1355.
Package xcolor Info: Model `Hsb' substituted by `hsb' on input line 1356.
Package xcolor Info: Model `tHsb' substituted by `hsb' on input line 1357.
Package xcolor Info: Model `HSB' substituted by `hsb' on input line 1358.
Package xcolor Info: Model `Gray' substituted by `gray' on input line 1359.
Package xcolor Info: Model `wave' substituted by `hsb' on input line 1360.
)
(/opt/local/share/texmf/tex/generic/pgf/basiclayer/pgfcore.code.tex
Package: pgfcore 2010/04/11 v3.0.0 (rcs-revision 1.7)

(/opt/local/share/texmf/tex/generic/pgf/math/pgfmath.code.tex
(/opt/local/share/texmf/tex/generic/pgf/math/pgfmathcalc.code.tex
(/opt/local/share/texmf/tex/generic/pgf/math/pgfmathutil.code.tex)
(/opt/local/share/texmf/tex/generic/pgf/math/pgfmathparser.code.tex
\pgfmath@dimen=\dimen124
\pgfmath@count=\count106
\pgfmath@box=\box29
\pgfmath@toks=\toks27
\pgfmath@stack@operand=\toks28
\pgfmath@stack@operation=\toks29
)
(/opt/local/share/texmf/tex/generic/pgf/math/pgfmathfunctions.code.tex
(/opt/local/share/texmf/tex/generic/pgf/math/pgfmathfunctions.basic.code.tex)
(/opt/local/share/texmf/tex/generic/pgf/math/pgfmathfunctions.trigonometric.cod
e.tex)
(/opt/local/share/texmf/tex/generic/pgf/math/pgfmathfunctions.random.code.tex)
(/opt/local/share/texmf/tex/generic/pgf/math/pgfmathfunctions.comparison.code.t
ex) (/opt/local/share/texmf/tex/generic/pgf/math/pgfmathfunctions.base.code.tex
) (/opt/local/share/texmf/tex/generic/pgf/math/pgfmathfunctions.round.code.tex)
(/opt/local/share/texmf/tex/generic/pgf/math/pgfmathfunctions.misc.code.tex)
(/opt/local/share/texmf/tex/generic/pgf/math/pgfmathfunctions.integerarithmetic
s.code.tex)))
(/opt/local/share/texmf/tex/generic/pgf/math/pgfmathfloat.code.tex
\c@pgfmathroundto@lastzeros=\count107
))
(/opt/local/share/texmf/tex/generic/pgf/basiclayer/pgfcorepoints.code.tex
File: pgfcorepoints.code.tex 2013/10/07  (rcs-revision 1.27)
\pgf@picminx=\dimen125
\pgf@picmaxx=\dimen126
\pgf@picminy=\dimen127
\pgf@picmaxy=\dimen128
\pgf@pathminx=\dimen129
\pgf@pathmaxx=\dimen130
\pgf@pathminy=\dimen131
\pgf@pathmaxy=\dimen132
\pgf@xx=\dimen133
\pgf@xy=\dimen134
\pgf@yx=\dimen135
\pgf@yy=\dimen136
\pgf@zx=\dimen137
\pgf@zy=\dimen138
)
(/opt/local/share/texmf/tex/generic/pgf/basiclayer/pgfcorepathconstruct.code.te
x
File: pgfcorepathconstruct.code.tex 2013/10/07  (rcs-revision 1.29)
\pgf@path@lastx=\dimen139
\pgf@path@lasty=\dimen140
) (/opt/local/share/texmf/tex/generic/pgf/basiclayer/pgfcorepathusage.code.tex
File: pgfcorepathusage.code.tex 2013/12/13  (rcs-revision 1.23)
\pgf@shorten@end@additional=\dimen141
\pgf@shorten@start@additional=\dimen142
) (/opt/local/share/texmf/tex/generic/pgf/basiclayer/pgfcorescopes.code.tex
File: pgfcorescopes.code.tex 2013/10/09  (rcs-revision 1.44)
\pgfpic=\box30
\pgf@hbox=\box31
\pgf@layerbox@main=\box32
\pgf@picture@serial@count=\count108
)
(/opt/local/share/texmf/tex/generic/pgf/basiclayer/pgfcoregraphicstate.code.tex
File: pgfcoregraphicstate.code.tex 2013/09/19  (rcs-revision 1.11)
\pgflinewidth=\dimen143
)
(/opt/local/share/texmf/tex/generic/pgf/basiclayer/pgfcoretransformations.code.
tex
File: pgfcoretransformations.code.tex 2013/10/10  (rcs-revision 1.17)
\pgf@pt@x=\dimen144
\pgf@pt@y=\dimen145
\pgf@pt@temp=\dimen146
) (/opt/local/share/texmf/tex/generic/pgf/basiclayer/pgfcorequick.code.tex
File: pgfcorequick.code.tex 2008/10/09  (rcs-revision 1.3)
)
(/opt/local/share/texmf/tex/generic/pgf/basiclayer/pgfcoreobjects.code.tex
File: pgfcoreobjects.code.tex 2006/10/11  (rcs-revision 1.2)
)
(/opt/local/share/texmf/tex/generic/pgf/basiclayer/pgfcorepathprocessing.code.t
ex
File: pgfcorepathprocessing.code.tex 2013/09/09  (rcs-revision 1.9)
) (/opt/local/share/texmf/tex/generic/pgf/basiclayer/pgfcorearrows.code.tex
File: pgfcorearrows.code.tex 2013/11/07  (rcs-revision 1.40)
\pgfarrowsep=\dimen147
)
(/opt/local/share/texmf/tex/generic/pgf/basiclayer/pgfcoreshade.code.tex
File: pgfcoreshade.code.tex 2013/07/15  (rcs-revision 1.15)
\pgf@max=\dimen148
\pgf@sys@shading@range@num=\count109
)
(/opt/local/share/texmf/tex/generic/pgf/basiclayer/pgfcoreimage.code.tex
File: pgfcoreimage.code.tex 2013/07/15  (rcs-revision 1.18)

(/opt/local/share/texmf/tex/generic/pgf/basiclayer/pgfcoreexternal.code.tex
File: pgfcoreexternal.code.tex 2013/07/15  (rcs-revision 1.20)
\pgfexternal@startupbox=\box33
))
(/opt/local/share/texmf/tex/generic/pgf/basiclayer/pgfcorelayers.code.tex
File: pgfcorelayers.code.tex 2013/07/18  (rcs-revision 1.7)
)
(/opt/local/share/texmf/tex/generic/pgf/basiclayer/pgfcoretransparency.code.tex
File: pgfcoretransparency.code.tex 2013/09/30  (rcs-revision 1.5)
) (/opt/local/share/texmf/tex/generic/pgf/basiclayer/pgfcorepatterns.code.tex
File: pgfcorepatterns.code.tex 2013/11/07  (rcs-revision 1.5)
))) (/opt/local/share/texmf/tex/generic/pgf/modules/pgfmoduleshapes.code.tex
File: pgfmoduleshapes.code.tex 2013/10/31  (rcs-revision 1.34)
\pgfnodeparttextbox=\box34
)
(/opt/local/share/texmf/tex/generic/pgf/modules/pgfmoduleplot.code.tex
File: pgfmoduleplot.code.tex 2013/07/31  (rcs-revision 1.12)
)
(/opt/local/share/texmf/tex/latex/pgf/compatibility/pgfcomp-version-0-65.sty
Package: pgfcomp-version-0-65 2007/07/03 v3.0.0 (rcs-revision 1.7)
\pgf@nodesepstart=\dimen149
\pgf@nodesepend=\dimen150
)
(/opt/local/share/texmf/tex/latex/pgf/compatibility/pgfcomp-version-1-18.sty
Package: pgfcomp-version-1-18 2007/07/23 v3.0.0 (rcs-revision 1.1)
))
(/opt/local/share/texmf/tex/latex/pgf/utilities/pgffor.sty
(/opt/local/share/texmf/tex/latex/pgf/utilities/pgfkeys.sty
(/opt/local/share/texmf/tex/generic/pgf/utilities/pgfkeys.code.tex))
(/opt/local/share/texmf/tex/latex/pgf/math/pgfmath.sty
(/opt/local/share/texmf/tex/generic/pgf/math/pgfmath.code.tex))
(/opt/local/share/texmf/tex/generic/pgf/utilities/pgffor.code.tex
Package: pgffor 2013/12/13 v3.0.0 (rcs-revision 1.25)

(/opt/local/share/texmf/tex/generic/pgf/math/pgfmath.code.tex)
\pgffor@iter=\dimen151
\pgffor@skip=\dimen152
\pgffor@stack=\toks30
\pgffor@toks=\toks31
))
(/opt/local/share/texmf/tex/generic/pgf/frontendlayer/tikz/tikz.code.tex
Package: tikz 2013/12/13 v3.0.0 (rcs-revision 1.142)

(/opt/local/share/texmf/tex/generic/pgf/libraries/pgflibraryplothandlers.code.t
ex
File: pgflibraryplothandlers.code.tex 2013/08/31 v3.0.0 (rcs-revision 1.20)
\pgf@plot@mark@count=\count110
\pgfplotmarksize=\dimen153
)
\tikz@lastx=\dimen154
\tikz@lasty=\dimen155
\tikz@lastxsaved=\dimen156
\tikz@lastysaved=\dimen157
\tikzleveldistance=\dimen158
\tikzsiblingdistance=\dimen159
\tikz@figbox=\box35
\tikz@figbox@bg=\box36
\tikz@tempbox=\box37
\tikz@tempbox@bg=\box38
\tikztreelevel=\count111
\tikznumberofchildren=\count112
\tikznumberofcurrentchild=\count113
\tikz@fig@count=\count114
 (/opt/local/share/texmf/tex/generic/pgf/modules/pgfmodulematrix.code.tex
File: pgfmodulematrix.code.tex 2013/09/17  (rcs-revision 1.8)
\pgfmatrixcurrentrow=\count115
\pgfmatrixcurrentcolumn=\count116
\pgf@matrix@numberofcolumns=\count117
)
\tikz@expandcount=\count118

(/opt/local/share/texmf/tex/generic/pgf/frontendlayer/tikz/libraries/tikzlibrar
ytopaths.code.tex
File: tikzlibrarytopaths.code.tex 2008/06/17 v3.0.0 (rcs-revision 1.2)
)))
(/opt/local/share/texmf/tex/generic/pgf/frontendlayer/tikz/libraries/tikzlibrar
yshapes.geometric.code.tex
File: tikzlibraryshapes.geometric.code.tex 2008/01/09 v3.0.0 (rcs-revision 1.1)


(/opt/local/share/texmf/tex/generic/pgf/libraries/shapes/pgflibraryshapes.geome
tric.code.tex
File: pgflibraryshapes.geometric.code.tex 2008/06/26 v3.0.0 (rcs-revision 1.1)
))
(/opt/local/share/texmf/tex/generic/pgf/frontendlayer/tikz/libraries/tikzlibrar
yarrows.code.tex
File: tikzlibraryarrows.code.tex 2008/01/09 v3.0.0 (rcs-revision 1.1)

(/opt/local/share/texmf/tex/generic/pgf/libraries/pgflibraryarrows.code.tex
File: pgflibraryarrows.code.tex 2013/09/23 v3.0.0 (rcs-revision 1.16)
\arrowsize=\dimen160
))
(/opt/local/share/texmf-texlive/tex/latex/algorithmicx/algorithmicx.sty
Package: algorithmicx 2005/04/27 v1.2 Algorithmicx

(/opt/local/share/texmf-texlive/tex/latex/base/ifthen.sty
Package: ifthen 2001/05/26 v1.1c Standard LaTeX ifthen package (DPC)
)
Document Style algorithmicx 1.2 - a greatly improved `algorithmic' style
\c@ALG@line=\count119
\c@ALG@rem=\count120
\c@ALG@nested=\count121
\ALG@tlm=\skip46
\ALG@thistlm=\skip47
\c@ALG@Lnr=\count122
\c@ALG@blocknr=\count123
\c@ALG@storecount=\count124
\c@ALG@tmpcounter=\count125
\ALG@tmplength=\skip48
) (/opt/local/share/texmf-texlive/tex/latex/algorithms/algorithm.sty
Package: algorithm 2009/08/24 v0.1 Document Style `algorithm' - floating enviro
nment

(/opt/local/share/texmf-texlive/tex/latex/float/float.sty
Package: float 2001/11/08 v1.3d Float enhancements (AL)
\c@float@type=\count126
\float@exts=\toks32
\float@box=\box39
\@float@everytoks=\toks33
\@floatcapt=\box40
)
\@float@every@algorithm=\toks34
\c@algorithm=\count127
)
(/opt/local/share/texmf-texlive/tex/latex/algorithmicx/algpseudocode.sty
Package: algpseudocode 

Document Style - pseudocode environments for use with the `algorithmicx' style
) (./main.aux)
\openout1 = `main.aux'.

LaTeX Font Info:    Checking defaults for OML/cmm/m/it on input line 47.
LaTeX Font Info:    ... okay on input line 47.
LaTeX Font Info:    Checking defaults for T1/cmr/m/n on input line 47.
LaTeX Font Info:    ... okay on input line 47.
LaTeX Font Info:    Checking defaults for OT1/cmr/m/n on input line 47.
LaTeX Font Info:    ... okay on input line 47.
LaTeX Font Info:    Checking defaults for OMS/cmsy/m/n on input line 47.
LaTeX Font Info:    ... okay on input line 47.
LaTeX Font Info:    Checking defaults for OMX/cmex/m/n on input line 47.
LaTeX Font Info:    ... okay on input line 47.
LaTeX Font Info:    Checking defaults for U/cmr/m/n on input line 47.
LaTeX Font Info:    ... okay on input line 47.
LaTeX Font Info:    Try loading font information for OT1+ptm on input line 47.
 (/opt/local/share/texmf-texlive/tex/latex/psnfss/ot1ptm.fd
File: ot1ptm.fd 2001/06/04 font definitions for OT1/ptm.
)
(/opt/local/share/texmf-texlive/tex/context/base/supp-pdf.mkii
[Loading MPS to PDF converter (version 2006.09.02).]
\scratchcounter=\count128
\scratchdimen=\dimen161
\scratchbox=\box41
\nofMPsegments=\count129
\nofMParguments=\count130
\everyMPshowfont=\toks35
\MPscratchCnt=\count131
\MPscratchDim=\dimen162
\MPnumerator=\count132
\makeMPintoPDFobject=\count133
\everyMPtoPDFconversion=\toks36
) (/opt/local/share/texmf-texlive/tex/generic/oberdiek/pdftexcmds.sty
Package: pdftexcmds 2011/11/29 v0.20 Utility functions of pdfTeX for LuaTeX (HO
)

(/opt/local/share/texmf-texlive/tex/generic/oberdiek/ifluatex.sty
Package: ifluatex 2010/03/01 v1.3 Provides the ifluatex switch (HO)
Package ifluatex Info: LuaTeX not detected.
)
(/opt/local/share/texmf-texlive/tex/generic/oberdiek/ifpdf.sty
Package: ifpdf 2011/01/30 v2.3 Provides the ifpdf switch (HO)
Package ifpdf Info: pdfTeX in PDF mode is detected.
)
Package pdftexcmds Info: LuaTeX not detected.
Package pdftexcmds Info: \pdf@primitive is available.
Package pdftexcmds Info: \pdf@ifprimitive is available.
Package pdftexcmds Info: \pdfdraftmode found.
)
(/opt/local/share/texmf-texlive/tex/latex/oberdiek/epstopdf-base.sty
Package: epstopdf-base 2010/02/09 v2.5 Base part for package epstopdf

(/opt/local/share/texmf-texlive/tex/latex/oberdiek/grfext.sty
Package: grfext 2010/08/19 v1.1 Manage graphics extensions (HO)

(/opt/local/share/texmf-texlive/tex/generic/oberdiek/kvdefinekeys.sty
Package: kvdefinekeys 2011/04/07 v1.3 Define keys (HO)
))
(/opt/local/share/texmf-texlive/tex/latex/oberdiek/kvoptions.sty
Package: kvoptions 2011/06/30 v3.11 Key value format for package options (HO)

(/opt/local/share/texmf-texlive/tex/generic/oberdiek/kvsetkeys.sty
Package: kvsetkeys 2012/04/25 v1.16 Key value parser (HO)

(/opt/local/share/texmf-texlive/tex/generic/oberdiek/etexcmds.sty
Package: etexcmds 2011/02/16 v1.5 Avoid name clashes with e-TeX commands (HO)
Package etexcmds Info: Could not find \expanded.
(etexcmds)             That can mean that you are not using pdfTeX 1.50 or
(etexcmds)             that some package has redefined \expanded.
(etexcmds)             In the latter case, load this package earlier.
)))
Package grfext Info: Graphics extension search list:
(grfext)             [.png,.pdf,.jpg,.mps,.jpeg,.jbig2,.jb2,.PNG,.PDF,.JPG,.JPE
G,.JBIG2,.JB2,.eps]
(grfext)             \AppendGraphicsExtensions on input line 452.

(/opt/local/share/texmf-texlive/tex/latex/latexconfig/epstopdf-sys.cfg
File: epstopdf-sys.cfg 2010/07/13 v1.3 Configuration of (r)epstopdf for TeX Liv
e
))
ABD: EveryShipout initializing macros
LaTeX Font Info:    Font shape `OT1/ptm/bx/n' in size <12> not available
(Font)              Font shape `OT1/ptm/b/n' tried instead on input line 50.
LaTeX Font Info:    Font shape `OT1/ptm/bx/n' in size <10> not available
(Font)              Font shape `OT1/ptm/b/n' tried instead on input line 52.
LaTeX Font Info:    Font shape `OT1/ptm/bx/it' in size <10> not available
(Font)              Font shape `OT1/ptm/b/it' tried instead on input line 57.


LaTeX Warning: Citation `stokes2002near' on page 1 undefined on input line 65.


LaTeX Warning: Citation `evans2003detection' on page 1 undefined on input line 
65.


LaTeX Warning: Citation `neat2014' on page 1 undefined on input line 65.


LaTeX Warning: Citation `denneau2013pan' on page 1 undefined on input line 65.


LaTeX Warning: Citation `wise2014' on page 1 undefined on input line 65.


LaTeX Warning: Citation `denneau2013pan' on page 1 undefined on input line 72.


LaTeX Warning: Citation `shao2014finding' on page 1 undefined on input line 72.



LaTeX Warning: Citation `yanagisawa2005automatic' on page 1 undefined on input 
line 72.


LaTeX Warning: Citation `gural2005matched' on page 1 undefined on input line 72
.


LaTeX Warning: Citation `kubica2005variable' on page 1 undefined on input line 
72.


LaTeX Warning: Citation `kubica2005multiple' on page 1 undefined on input line 
72.


LaTeX Warning: Citation `kubica2007efficient' on page 1 undefined on input line
 72.

[1{/opt/local/var/db/texmf/fonts/map/pdftex/updmap/pdftex.map}



]

LaTeX Warning: Citation `viola1997alignment' on page 2 undefined on input line 
90.


LaTeX Warning: Citation `denneau2013pan' on page 2 undefined on input line 96.


LaTeX Warning: Citation `css2014' on page 2 undefined on input line 96.

LaTeX Font Info:    Font shape `OT1/ptm/bx/n' in size <9> not available
(Font)              Font shape `OT1/ptm/b/n' tried instead on input line 149.
(./Experiments.tex <Figures/Simulated_130_12.pdf, id=15, 433.62pt x 433.62pt>
File: Figures/Simulated_130_12.pdf Graphic file (type pdf)

<use Figures/Simulated_130_12.pdf>
Package pdftex.def Info: Figures/Simulated_130_12.pdf used on input line 28.
(pdftex.def)             Requested size: 116.48341pt x 116.48347pt.

<Figures/TrueTrajectory_130.pdf, id=16, 433.62pt x 433.62pt>
File: Figures/TrueTrajectory_130.pdf Graphic file (type pdf)

<use Figures/TrueTrajectory_130.pdf>
Package pdftex.def Info: Figures/TrueTrajectory_130.pdf used on input line 29.
(pdftex.def)             Requested size: 116.48341pt x 116.48347pt.
 [2]
<Figures/Lines_011_016_021.pdf, id=26, 433.62pt x 433.62pt>
File: Figures/Lines_011_016_021.pdf Graphic file (type pdf)

<use Figures/Lines_011_016_021.pdf>
Package pdftex.def Info: Figures/Lines_011_016_021.pdf used on input line 41.
(pdftex.def)             Requested size: 116.48341pt x 116.48347pt.

<Figures/Lines_011_016_021_026.pdf, id=27, 433.62pt x 433.62pt>
File: Figures/Lines_011_016_021_026.pdf Graphic file (type pdf)

<use Figures/Lines_011_016_021_026.pdf>
Package pdftex.def Info: Figures/Lines_011_016_021_026.pdf used on input line 4
2.
(pdftex.def)             Requested size: 116.48341pt x 116.48347pt.

<Figures/Detections_Triplets_Color_f15.pdf, id=28, 433.62pt x 433.62pt>
File: Figures/Detections_Triplets_Color_f15.pdf Graphic file (type pdf)

<use Figures/Detections_Triplets_Color_f15.pdf>
Package pdftex.def Info: Figures/Detections_Triplets_Color_f15.pdf used on inpu
t line 56.
(pdftex.def)             Requested size: 126.61476pt x 126.61334pt.

<Figures/Detections_Quad_Color_f15.pdf, id=29, 433.62pt x 433.62pt>
File: Figures/Detections_Quad_Color_f15.pdf Graphic file (type pdf)

<use Figures/Detections_Quad_Color_f15.pdf>
Package pdftex.def Info: Figures/Detections_Quad_Color_f15.pdf used on input li
ne 57.
(pdftex.def)             Requested size: 126.61476pt x 126.61334pt.

Overfull \hbox (5.5358pt too wide) in paragraph at lines 54--59
 []$ 
 []


LaTeX Warning: `h' float specifier changed to `ht'.

<Figures/ROC_StarAsteroid_130_pchip_f20.pdf, id=30, 433.62pt x 433.62pt>
File: Figures/ROC_StarAsteroid_130_pchip_f20.pdf Graphic file (type pdf)

<use Figures/ROC_StarAsteroid_130_pchip_f20.pdf>
Package pdftex.def Info: Figures/ROC_StarAsteroid_130_pchip_f20.pdf used on inp
ut line 67.
(pdftex.def)             Requested size: 126.61476pt x 126.61334pt.

<Figures/ROC_Triplets_130_pchip_f20.pdf, id=31, 433.62pt x 433.62pt>
File: Figures/ROC_Triplets_130_pchip_f20.pdf Graphic file (type pdf)

<use Figures/ROC_Triplets_130_pchip_f20.pdf>
Package pdftex.def Info: Figures/ROC_Triplets_130_pchip_f20.pdf used on input l
ine 67.
(pdftex.def)             Requested size: 126.61476pt x 126.61334pt.

Overfull \hbox (5.5358pt too wide) in paragraph at lines 65--69
 []$ 
 []


LaTeX Warning: `h' float specifier changed to `ht'.

[3 <./Figures/Simulated_130_12.pdf> <./Figures/TrueTrajectory_130.pdf> <./Figur
es/Lines_011_016_021.pdf> <./Figures/Lines_011_016_021_026.pdf> <./Figures/Dete
ctions_Triplets_Color_f15.pdf> <./Figures/Detections_Quad_Color_f15.pdf> <./Fig
ures/ROC_StarAsteroid_130_pchip_f20.pdf> <./Figures/ROC_Triplets_130_pchip_f20.
pdf>]

LaTeX Warning: Citation `neat2014' on page 4 undefined on input line 115.

<Figures/NEAT1.pdf, id=66, 433.62pt x 433.62pt>
File: Figures/NEAT1.pdf Graphic file (type pdf)
 <use Figures/NEAT1.pdf>
Package pdftex.def Info: Figures/NEAT1.pdf used on input line 137.
(pdftex.def)             Requested size: 75.96576pt x 75.96404pt.

<Figures/NEAT2.pdf, id=67, 433.62pt x 433.62pt>
File: Figures/NEAT2.pdf Graphic file (type pdf)
 <use Figures/NEAT2.pdf>
Package pdftex.def Info: Figures/NEAT2.pdf used on input line 138.
(pdftex.def)             Requested size: 75.96576pt x 75.96404pt.

<Figures/NEAT3.pdf, id=68, 433.62pt x 433.62pt>
File: Figures/NEAT3.pdf Graphic file (type pdf)
 <use Figures/NEAT3.pdf>
Package pdftex.def Info: Figures/NEAT3.pdf used on input line 139.
(pdftex.def)             Requested size: 75.96576pt x 75.96404pt.

<Figures/NEATImageReg12.pdf, id=69, 433.62pt x 433.62pt>
File: Figures/NEATImageReg12.pdf Graphic file (type pdf)

<use Figures/NEATImageReg12.pdf>
Package pdftex.def Info: Figures/NEATImageReg12.pdf used on input line 140.
(pdftex.def)             Requested size: 75.96576pt x 75.96404pt.
File: Figures/NEAT2.pdf Graphic file (type pdf)
 <use Figures/NEAT2.pdf>
Package pdftex.def Info: Figures/NEAT2.pdf used on input line 141.
(pdftex.def)             Requested size: 75.96576pt x 75.96404pt.

<Figures/NEATImageReg32.pdf, id=70, 433.62pt x 433.62pt>
File: Figures/NEATImageReg32.pdf Graphic file (type pdf)

<use Figures/NEATImageReg32.pdf>
Package pdftex.def Info: Figures/NEATImageReg32.pdf used on input line 142.
(pdftex.def)             Requested size: 75.96576pt x 75.96404pt.

<Figures/NEATImageDiff1.pdf, id=71, 433.62pt x 433.62pt>
File: Figures/NEATImageDiff1.pdf Graphic file (type pdf)

<use Figures/NEATImageDiff1.pdf>
Package pdftex.def Info: Figures/NEATImageDiff1.pdf used on input line 143.
(pdftex.def)             Requested size: 75.96576pt x 75.96404pt.

<Figures/NEATImageDiff2.pdf, id=72, 433.62pt x 433.62pt>
File: Figures/NEATImageDiff2.pdf Graphic file (type pdf)

<use Figures/NEATImageDiff2.pdf>
Package pdftex.def Info: Figures/NEATImageDiff2.pdf used on input line 144.
(pdftex.def)             Requested size: 75.96576pt x 75.96404pt.

<Figures/NEATImageDiff3.pdf, id=73, 433.62pt x 433.62pt>
File: Figures/NEATImageDiff3.pdf Graphic file (type pdf)

<use Figures/NEATImageDiff3.pdf>
Package pdftex.def Info: Figures/NEATImageDiff3.pdf used on input line 145.
(pdftex.def)             Requested size: 75.96576pt x 75.96404pt.

<Figures/NEATFilteredCentroids1.pdf, id=74, 433.62pt x 433.62pt>
File: Figures/NEATFilteredCentroids1.pdf Graphic file (type pdf)

<use Figures/NEATFilteredCentroids1.pdf>
Package pdftex.def Info: Figures/NEATFilteredCentroids1.pdf used on input line 
146.
(pdftex.def)             Requested size: 75.96576pt x 75.96404pt.

<Figures/NEATFilteredCentroids2.pdf, id=75, 433.62pt x 433.62pt>
File: Figures/NEATFilteredCentroids2.pdf Graphic file (type pdf)

<use Figures/NEATFilteredCentroids2.pdf>
Package pdftex.def Info: Figures/NEATFilteredCentroids2.pdf used on input line 
147.
(pdftex.def)             Requested size: 75.96576pt x 75.96404pt.

<Figures/NEATFilteredCentroids3.pdf, id=76, 433.62pt x 433.62pt>
File: Figures/NEATFilteredCentroids3.pdf Graphic file (type pdf)

<use Figures/NEATFilteredCentroids3.pdf>
Package pdftex.def Info: Figures/NEATFilteredCentroids3.pdf used on input line 
148.
(pdftex.def)             Requested size: 75.96576pt x 75.96404pt.


LaTeX Warning: No positions in optional float specifier.
               Default added (so using `!tbp') on input line 162.

<Figures/NEATLines_LogicalImg.pdf, id=77, 433.62pt x 433.62pt>
File: Figures/NEATLines_LogicalImg.pdf Graphic file (type pdf)

<use Figures/NEATLines_LogicalImg.pdf>
Package pdftex.def Info: Figures/NEATLines_LogicalImg.pdf used on input line 16
8.
(pdftex.def)             Requested size: 151.93925pt x 151.9413pt.

<Figures/CSS_Triplet_Lines.pdf, id=78, 433.62pt x 433.62pt>
File: Figures/CSS_Triplet_Lines.pdf Graphic file (type pdf)

<use Figures/CSS_Triplet_Lines.pdf>
Package pdftex.def Info: Figures/CSS_Triplet_Lines.pdf used on input line 179.
(pdftex.def)             Requested size: 151.93925pt x 151.9413pt.


LaTeX Warning: `h' float specifier changed to `ht'.

File: Figures/NEAT1.pdf Graphic file (type pdf)
<use Figures/NEAT1.pdf>
Package pdftex.def Info: Figures/NEAT1.pdf used on input line 233.
(pdftex.def)             Requested size: 116.48341pt x 116.48347pt.
File: Figures/NEATImageReg12.pdf Graphic file (type pdf)
 <use Figures/NEATImageReg12.pdf>
Package pdftex.def Info: Figures/NEATImageReg12.pdf used on input line 234.
(pdftex.def)             Requested size: 116.48341pt x 116.48347pt.
File: Figures/NEATImageDiff1.pdf Graphic file (type pdf)

<use Figures/NEATImageDiff1.pdf>
Package pdftex.def Info: Figures/NEATImageDiff1.pdf used on input line 235.
(pdftex.def)             Requested size: 116.48341pt x 116.48347pt.
File: Figures/NEATFilteredCentroids1.pdf Graphic file (type pdf)
 <use Figures/NEATFilteredCentroids1.pdf>
Package pdftex.def Info: Figures/NEATFilteredCentroids1.pdf used on input line 
236.
(pdftex.def)             Requested size: 116.48341pt x 116.48347pt.
File: Figures/NEAT2.pdf Graphic file (type pdf)

<use Figures/NEAT2.pdf>
Package pdftex.def Info: Figures/NEAT2.pdf used on input line 237.
(pdftex.def)             Requested size: 116.48341pt x 116.48347pt.

<Figures/NEATImageReg22.pdf, id=79, 433.62pt x 433.62pt>
File: Figures/NEATImageReg22.pdf Graphic file (type pdf)

<use Figures/NEATImageReg22.pdf>
Package pdftex.def Info: Figures/NEATImageReg22.pdf used on input line 238.
(pdftex.def)             Requested size: 116.48341pt x 116.48347pt.
File: Figures/NEATImageDiff2.pdf Graphic file (type pdf)
 <use Figures/NEATImageDiff2.pdf>
Package pdftex.def Info: Figures/NEATImageDiff2.pdf used on input line 239.
(pdftex.def)             Requested size: 116.48341pt x 116.48347pt.
File: Figures/NEATFilteredCentroids2.pdf Graphic file (type pdf)

<use Figures/NEATFilteredCentroids2.pdf>
Package pdftex.def Info: Figures/NEATFilteredCentroids2.pdf used on input line 
240.
(pdftex.def)             Requested size: 116.48341pt x 116.48347pt.
File: Figures/NEAT3.pdf Graphic file (type pdf)
 <use Figures/NEAT3.pdf>
Package pdftex.def Info: Figures/NEAT3.pdf used on input line 241.
(pdftex.def)             Requested size: 116.48341pt x 116.48347pt.
File: Figures/NEATImageReg32.pdf Graphic file (type pdf)

<use Figures/NEATImageReg32.pdf>
Package pdftex.def Info: Figures/NEATImageReg32.pdf used on input line 242.
(pdftex.def)             Requested size: 116.48341pt x 116.48347pt.
File: Figures/NEATImageDiff3.pdf Graphic file (type pdf)
 <use Figures/NEATImageDiff3.pdf>
Package pdftex.def Info: Figures/NEATImageDiff3.pdf used on input line 243.
(pdftex.def)             Requested size: 116.48341pt x 116.48347pt.
File: Figures/NEATFilteredCentroids3.pdf Graphic file (type pdf)

<use Figures/NEATFilteredCentroids3.pdf>
Package pdftex.def Info: Figures/NEATFilteredCentroids3.pdf used on input line 
244.
(pdftex.def)             Requested size: 116.48341pt x 116.48347pt.


LaTeX Warning: Citation `larson1998catalina' on page 4 undefined on input line 
324.


LaTeX Warning: Citation `drake2009first' on page 4 undefined on input line 324.


) [4 <./Figures/NEAT1.pdf> <./Figures/NEAT2.pdf> <./Figures/NEAT3.pdf> <./Figur
es/NEATImageReg12.pdf> <./Figures/NEATImageReg32.pdf> <./Figures/NEATImageDiff1
.pdf> <./Figures/NEATImageDiff2.pdf> <./Figures/NEATImageDiff3.pdf> <./Figures/
NEATFilteredCentroids1.pdf> <./Figures/NEATFilteredCentroids2.pdf> <./Figures/N
EATFilteredCentroids3.pdf> <./Figures/NEATLines_LogicalImg.pdf> <./Figures/CSS_
Triplet_Lines.pdf>]
No file main.bbl.
(./cpu.tex
Overfull \hbox (31.68573pt too wide) detected at line 37
\OML/cmm/m/it/10 ^^\[] \OT1/cmr/m/n/10 = [] = 0\OML/cmm/m/it/10 :\OT1/cmr/m/n/1
0 414\OML/cmm/m/it/10 sec
 []


LaTeX Warning: Reference `' on page 5 undefined on input line 55.

)

LaTeX Warning: `h' float specifier changed to `ht'.

[5] [6

] [7 <./Figures/NEATImageReg22.pdf>] (./main.aux)

LaTeX Warning: There were undefined references.

 ) 
Here is how much of TeX's memory you used:
 13716 strings out of 495025
 275514 string characters out of 6181439
 315842 words of memory out of 5000000
 16632 multiletter control sequences out of 15000+600000
 24856 words of font info for 52 fonts, out of 8000000 for 9000
 14 hyphenation exceptions out of 8191
 55i,12n,56p,2085b,363s stack positions out of 5000i,500n,10000p,200000b,80000s
{/opt/local/share/texmf-texlive/fonts/enc/dvips/base/8r.enc}</opt/local/share
/texmf-texlive/fonts/type1/public/amsfonts/cm/cmmi10.pfb></opt/local/share/texm
f-texlive/fonts/type1/public/amsfonts/cm/cmmi5.pfb></opt/local/share/texmf-texl
ive/fonts/type1/public/amsfonts/cm/cmmi7.pfb></opt/local/share/texmf-texlive/fo
nts/type1/public/amsfonts/cm/cmmi8.pfb></opt/local/share/texmf-texlive/fonts/ty
pe1/public/amsfonts/cm/cmmi9.pfb></opt/local/share/texmf-texlive/fonts/type1/pu
blic/amsfonts/cm/cmr10.pfb></opt/local/share/texmf-texlive/fonts/type1/public/a
msfonts/cm/cmr6.pfb></opt/local/share/texmf-texlive/fonts/type1/public/amsfonts
/cm/cmr7.pfb></opt/local/share/texmf-texlive/fonts/type1/public/amsfonts/cm/cmr
8.pfb></opt/local/share/texmf-texlive/fonts/type1/public/amsfonts/cm/cmr9.pfb><
/opt/local/share/texmf-texlive/fonts/type1/public/amsfonts/cm/cmsy10.pfb></opt/
local/share/texmf-texlive/fonts/type1/public/amsfonts/cm/cmsy7.pfb></opt/local/
share/texmf-texlive/fonts/type1/urw/times/utmb8a.pfb></opt/local/share/texmf-te
xlive/fonts/type1/urw/times/utmbi8a.pfb></opt/local/share/texmf-texlive/fonts/t
ype1/urw/times/utmr8a.pfb></opt/local/share/texmf-texlive/fonts/type1/urw/times
/utmri8a.pfb>
Output written on main.pdf (7 pages, 606084 bytes).
PDF statistics:
 189 PDF objects out of 1000 (max. 8388607)
 122 compressed objects within 2 object streams
 0 named destinations out of 1000 (max. 500000)
 123 words of extra memory for PDF output out of 10000 (max. 10000000)

